2025-08-20 17:21:18,259 INFO o.s.b.StartupInfoLogger [restartedMain] Starting SbUserRestApplication using Java 21.0.7 with PID 15768 (C:\Users\admin\eclipse-workspace\Sb-User-Rest-App-Application\target\classes started by admin in C:\Users\admin\eclipse-workspace\Sb-User-Rest-App-Application)
2025-08-20 17:21:18,273 INFO o.s.b.SpringApplication [restartedMain] No active profile set, falling back to 1 default profile: "default"
2025-08-20 17:21:18,413 INFO o.s.b.l.DeferredLog [restartedMain] Devtools property defaults active! Set 'spring.devtools.add-properties' to 'false' to disable
2025-08-20 17:21:18,425 INFO o.s.b.l.DeferredLog [restartedMain] For additional web related logging consider setting the 'logging.level.web' property to 'DEBUG'
2025-08-20 17:21:20,693 INFO o.s.d.r.c.RepositoryConfigurationDelegate [restartedMain] Bootstrapping Spring Data JPA repositories in DEFAULT mode.
2025-08-20 17:21:20,818 INFO o.s.d.r.c.RepositoryConfigurationDelegate [restartedMain] Finished Spring Data repository scanning in 97 ms. Found 1 JPA repository interface.
2025-08-20 17:21:22,498 INFO o.s.b.w.e.t.TomcatWebServer [restartedMain] Tomcat initialized with port 8082 (http)
2025-08-20 17:21:22,531 INFO o.a.j.l.DirectJDKLog [restartedMain] Initializing ProtocolHandler ["http-nio-8082"]
2025-08-20 17:21:22,540 INFO o.a.j.l.DirectJDKLog [restartedMain] Starting service [Tomcat]
2025-08-20 17:21:22,545 INFO o.a.j.l.DirectJDKLog [restartedMain] Starting Servlet engine: [Apache Tomcat/10.1.43]
2025-08-20 17:21:22,695 INFO o.a.j.l.DirectJDKLog [restartedMain] Initializing Spring embedded WebApplicationContext
2025-08-20 17:21:22,697 INFO o.s.b.w.s.c.ServletWebServerApplicationContext [restartedMain] Root WebApplicationContext: initialization completed in 4264 ms
2025-08-20 17:21:23,150 INFO o.h.j.i.u.LogHelper [restartedMain] HHH000204: Processing PersistenceUnitInfo [name: default]
2025-08-20 17:21:23,261 INFO o.h.Version [restartedMain] HHH000412: Hibernate ORM core version 6.6.22.Final
2025-08-20 17:21:23,333 INFO o.h.c.i.RegionFactoryInitiator [restartedMain] HHH000026: Second-level cache disabled
2025-08-20 17:21:23,922 INFO o.s.o.j.p.SpringPersistenceUnitInfo [restartedMain] No LoadTimeWeaver setup: ignoring JPA class transformer
2025-08-20 17:21:23,980 INFO c.z.h.HikariDataSource [restartedMain] HikariPool-1 - Starting...
2025-08-20 17:21:24,855 INFO c.z.h.p.HikariPool [restartedMain] HikariPool-1 - Added connection com.mysql.cj.jdbc.ConnectionImpl@13f46529
2025-08-20 17:21:24,858 INFO c.z.h.HikariDataSource [restartedMain] HikariPool-1 - Start completed.
2025-08-20 17:21:25,031 WARN o.h.e.j.d.i.DialectFactoryImpl [restartedMain] HHH90000025: MySQL8Dialect does not need to be specified explicitly using 'hibernate.dialect' (remove the property setting and it will be selected by default)
2025-08-20 17:21:25,046 WARN o.h.e.j.d.i.DialectFactoryImpl [restartedMain] HHH90000026: MySQL8Dialect has been deprecated; use org.hibernate.dialect.MySQLDialect instead
2025-08-20 17:21:25,087 INFO o.h.e.j.e.i.JdbcEnvironmentInitiator [restartedMain] HHH10001005: Database info:
	Database JDBC URL [Connecting through datasource 'HikariDataSource (HikariPool-1)']
	Database driver: undefined/unknown
	Database version: 8.0
	Autocommit mode: undefined/unknown
	Isolation level: undefined/unknown
	Minimum pool size: undefined/unknown
	Maximum pool size: undefined/unknown
2025-08-20 17:21:26,528 INFO o.h.e.t.j.p.i.JtaPlatformInitiator [restartedMain] HHH000489: No JTA platform available (set 'hibernate.transaction.jta.platform' to enable JTA platform integration)
2025-08-20 17:21:26,717 INFO o.s.o.j.AbstractEntityManagerFactoryBean [restartedMain] Initialized JPA EntityManagerFactory for persistence unit 'default'
2025-08-20 17:21:27,697 INFO o.s.d.j.r.q.QueryEnhancerFactory [restartedMain] Hibernate is in classpath; If applicable, HQL parser will be used.
2025-08-20 17:21:29,839 WARN o.s.b.a.o.j.JpaBaseConfiguration$JpaWebConfiguration [restartedMain] spring.jpa.open-in-view is enabled by default. Therefore, database queries may be performed during view rendering. Explicitly configure spring.jpa.open-in-view to disable this warning
2025-08-20 17:21:30,002 INFO o.s.v.b.OptionalValidatorFactoryBean [restartedMain] Failed to set up a Bean Validation provider: jakarta.validation.NoProviderFoundException: Unable to create a Configuration, because no Jakarta Bean Validation provider could be found. Add a provider like Hibernate Validator (RI) to your classpath.
2025-08-20 17:21:31,063 INFO o.s.b.d.a.OptionalLiveReloadServer [restartedMain] LiveReload server is running on port 35729
2025-08-20 17:21:31,117 INFO o.a.j.l.DirectJDKLog [restartedMain] Starting ProtocolHandler ["http-nio-8082"]
2025-08-20 17:21:31,159 INFO o.s.b.w.e.t.TomcatWebServer [restartedMain] Tomcat started on port 8082 (http) with context path '/'
2025-08-20 17:21:31,181 INFO o.s.b.StartupInfoLogger [restartedMain] Started SbUserRestApplication in 13.887 seconds (process running for 16.609)
2025-08-20 17:21:55,157 INFO o.a.j.l.DirectJDKLog [http-nio-8082-exec-2] Initializing Spring DispatcherServlet 'dispatcherServlet'
2025-08-20 17:21:55,159 INFO o.s.w.s.FrameworkServlet [http-nio-8082-exec-2] Initializing Servlet 'dispatcherServlet'
2025-08-20 17:21:55,161 INFO o.s.w.s.FrameworkServlet [http-nio-8082-exec-2] Completed initialization in 2 ms
2025-08-20 17:30:42,201 INFO o.s.b.StartupInfoLogger [restartedMain] Starting SbUserRestApplication using Java 21.0.7 with PID 14852 (C:\Users\admin\eclipse-workspace\Sb-User-Rest-App-Application\target\classes started by admin in C:\Users\admin\eclipse-workspace\Sb-User-Rest-App-Application)
2025-08-20 17:30:42,218 INFO o.s.b.SpringApplication [restartedMain] No active profile set, falling back to 1 default profile: "default"
2025-08-20 17:30:42,350 INFO o.s.b.l.DeferredLog [restartedMain] Devtools property defaults active! Set 'spring.devtools.add-properties' to 'false' to disable
2025-08-20 17:30:42,352 INFO o.s.b.l.DeferredLog [restartedMain] For additional web related logging consider setting the 'logging.level.web' property to 'DEBUG'
2025-08-20 17:30:44,381 INFO o.s.d.r.c.RepositoryConfigurationDelegate [restartedMain] Bootstrapping Spring Data JPA repositories in DEFAULT mode.
2025-08-20 17:30:44,504 INFO o.s.d.r.c.RepositoryConfigurationDelegate [restartedMain] Finished Spring Data repository scanning in 102 ms. Found 1 JPA repository interface.
2025-08-20 17:30:46,114 INFO o.s.b.w.e.t.TomcatWebServer [restartedMain] Tomcat initialized with port 8082 (http)
2025-08-20 17:30:46,159 INFO o.a.j.l.DirectJDKLog [restartedMain] Initializing ProtocolHandler ["http-nio-8082"]
2025-08-20 17:30:46,168 INFO o.a.j.l.DirectJDKLog [restartedMain] Starting service [Tomcat]
2025-08-20 17:30:46,169 INFO o.a.j.l.DirectJDKLog [restartedMain] Starting Servlet engine: [Apache Tomcat/10.1.43]
2025-08-20 17:30:46,319 INFO o.a.j.l.DirectJDKLog [restartedMain] Initializing Spring embedded WebApplicationContext
2025-08-20 17:30:46,322 INFO o.s.b.w.s.c.ServletWebServerApplicationContext [restartedMain] Root WebApplicationContext: initialization completed in 3967 ms
2025-08-20 17:30:46,785 INFO o.h.j.i.u.LogHelper [restartedMain] HHH000204: Processing PersistenceUnitInfo [name: default]
2025-08-20 17:30:46,883 INFO o.h.Version [restartedMain] HHH000412: Hibernate ORM core version 6.6.22.Final
2025-08-20 17:30:46,968 INFO o.h.c.i.RegionFactoryInitiator [restartedMain] HHH000026: Second-level cache disabled
2025-08-20 17:30:47,661 INFO o.s.o.j.p.SpringPersistenceUnitInfo [restartedMain] No LoadTimeWeaver setup: ignoring JPA class transformer
2025-08-20 17:30:47,718 INFO c.z.h.HikariDataSource [restartedMain] HikariPool-1 - Starting...
2025-08-20 17:30:48,428 INFO c.z.h.p.HikariPool [restartedMain] HikariPool-1 - Added connection com.mysql.cj.jdbc.ConnectionImpl@76c1e435
2025-08-20 17:30:48,452 INFO c.z.h.HikariDataSource [restartedMain] HikariPool-1 - Start completed.
2025-08-20 17:30:48,588 WARN o.h.e.j.d.i.DialectFactoryImpl [restartedMain] HHH90000025: MySQL8Dialect does not need to be specified explicitly using 'hibernate.dialect' (remove the property setting and it will be selected by default)
2025-08-20 17:30:48,598 WARN o.h.e.j.d.i.DialectFactoryImpl [restartedMain] HHH90000026: MySQL8Dialect has been deprecated; use org.hibernate.dialect.MySQLDialect instead
2025-08-20 17:30:48,664 INFO o.h.e.j.e.i.JdbcEnvironmentInitiator [restartedMain] HHH10001005: Database info:
	Database JDBC URL [Connecting through datasource 'HikariDataSource (HikariPool-1)']
	Database driver: undefined/unknown
	Database version: 8.0
	Autocommit mode: undefined/unknown
	Isolation level: undefined/unknown
	Minimum pool size: undefined/unknown
	Maximum pool size: undefined/unknown
2025-08-20 17:30:50,058 INFO o.h.e.t.j.p.i.JtaPlatformInitiator [restartedMain] HHH000489: No JTA platform available (set 'hibernate.transaction.jta.platform' to enable JTA platform integration)
2025-08-20 17:30:50,162 INFO o.s.o.j.AbstractEntityManagerFactoryBean [restartedMain] Initialized JPA EntityManagerFactory for persistence unit 'default'
2025-08-20 17:30:50,791 INFO o.s.d.j.r.q.QueryEnhancerFactory [restartedMain] Hibernate is in classpath; If applicable, HQL parser will be used.
2025-08-20 17:30:52,557 WARN o.s.b.a.o.j.JpaBaseConfiguration$JpaWebConfiguration [restartedMain] spring.jpa.open-in-view is enabled by default. Therefore, database queries may be performed during view rendering. Explicitly configure spring.jpa.open-in-view to disable this warning
2025-08-20 17:30:52,693 INFO o.s.v.b.OptionalValidatorFactoryBean [restartedMain] Failed to set up a Bean Validation provider: jakarta.validation.NoProviderFoundException: Unable to create a Configuration, because no Jakarta Bean Validation provider could be found. Add a provider like Hibernate Validator (RI) to your classpath.
2025-08-20 17:30:53,605 INFO o.s.b.d.a.OptionalLiveReloadServer [restartedMain] LiveReload server is running on port 35729
2025-08-20 17:30:53,633 INFO o.a.j.l.DirectJDKLog [restartedMain] Starting ProtocolHandler ["http-nio-8082"]
2025-08-20 17:30:53,661 INFO o.s.b.w.e.t.TomcatWebServer [restartedMain] Tomcat started on port 8082 (http) with context path '/'
2025-08-20 17:30:53,682 INFO o.s.b.StartupInfoLogger [restartedMain] Started SbUserRestApplication in 12.268 seconds (process running for 13.94)
2025-08-20 17:31:08,731 INFO o.a.j.l.DirectJDKLog [http-nio-8082-exec-1] Initializing Spring DispatcherServlet 'dispatcherServlet'
2025-08-20 17:31:08,733 INFO o.s.w.s.FrameworkServlet [http-nio-8082-exec-1] Initializing Servlet 'dispatcherServlet'
2025-08-20 17:31:08,740 INFO o.s.w.s.FrameworkServlet [http-nio-8082-exec-1] Completed initialization in 5 ms
2025-08-20 17:31:08,863 INFO c.w.a.LogAspect [http-nio-8082-exec-1] Enter: com.wipro.service.UserServiceJpaImpl.getUserById() with argument[s] = [1]
2025-08-20 17:31:08,993 ERROR c.w.a.LogAspect [http-nio-8082-exec-1] Exception in com.wipro.service.UserServiceJpaImpl.getUserById() with cause = NULL
2025-08-20 17:31:08,994 ERROR c.w.a.LogAspect [http-nio-8082-exec-1] Illegal argument: [1] in com.wipro.service.UserServiceJpaImpl.getUserById()
2025-08-20 17:31:09,004 ERROR c.w.c.UserController [http-nio-8082-exec-1] User not found
com.wipro.exception.UserException: User not found
	at com.wipro.service.UserServiceJpaImpl.lambda$0(UserServiceJpaImpl.java:24)
	at java.base/java.util.Optional.orElseThrow(Optional.java:403)
	at com.wipro.service.UserServiceJpaImpl.getUserById(UserServiceJpaImpl.java:24)
	at java.base/jdk.internal.reflect.DirectMethodHandleAccessor.invoke(DirectMethodHandleAccessor.java:103)
	at java.base/java.lang.reflect.Method.invoke(Method.java:580)
	at org.springframework.aop.support.AopUtils.invokeJoinpointUsingReflection(AopUtils.java:360)
	at org.springframework.aop.framework.ReflectiveMethodInvocation.invokeJoinpoint(ReflectiveMethodInvocation.java:196)
	at org.springframework.aop.framework.ReflectiveMethodInvocation.proceed(ReflectiveMethodInvocation.java:163)
	at org.springframework.aop.aspectj.AspectJAfterThrowingAdvice.invoke(AspectJAfterThrowingAdvice.java:64)
	at org.springframework.aop.framework.ReflectiveMethodInvocation.proceed(ReflectiveMethodInvocation.java:184)
	at org.springframework.aop.aspectj.MethodInvocationProceedingJoinPoint.proceed(MethodInvocationProceedingJoinPoint.java:89)
	at com.wipro.aspect.LogAspect.logAround(LogAspect.java:55)
	at java.base/jdk.internal.reflect.DirectMethodHandleAccessor.invoke(DirectMethodHandleAccessor.java:103)
	at java.base/java.lang.reflect.Method.invoke(Method.java:580)
	at org.springframework.aop.aspectj.AbstractAspectJAdvice.invokeAdviceMethodWithGivenArgs(AbstractAspectJAdvice.java:649)
	at org.springframework.aop.aspectj.AbstractAspectJAdvice.invokeAdviceMethod(AbstractAspectJAdvice.java:631)
	at org.springframework.aop.aspectj.AspectJAroundAdvice.invoke(AspectJAroundAdvice.java:71)
	at org.springframework.aop.framework.ReflectiveMethodInvocation.proceed(ReflectiveMethodInvocation.java:184)
	at org.springframework.transaction.interceptor.TransactionAspectSupport.invokeWithinTransaction(TransactionAspectSupport.java:380)
	at org.springframework.transaction.interceptor.TransactionInterceptor.invoke(TransactionInterceptor.java:119)
	at org.springframework.aop.framework.ReflectiveMethodInvocation.proceed(ReflectiveMethodInvocation.java:184)
	at org.springframework.aop.interceptor.ExposeInvocationInterceptor.invoke(ExposeInvocationInterceptor.java:97)
	at org.springframework.aop.framework.ReflectiveMethodInvocation.proceed(ReflectiveMethodInvocation.java:184)
	at org.springframework.aop.framework.CglibAopProxy$DynamicAdvisedInterceptor.intercept(CglibAopProxy.java:728)
	at com.wipro.service.UserServiceJpaImpl$$SpringCGLIB$$0.getUserById(<generated>)
	at com.wipro.controller.UserController.getUser(UserController.java:45)
	at java.base/jdk.internal.reflect.DirectMethodHandleAccessor.invoke(DirectMethodHandleAccessor.java:103)
	at java.base/java.lang.reflect.Method.invoke(Method.java:580)
	at org.springframework.web.method.support.InvocableHandlerMethod.doInvoke(InvocableHandlerMethod.java:258)
	at org.springframework.web.method.support.InvocableHandlerMethod.invokeForRequest(InvocableHandlerMethod.java:191)
	at org.springframework.web.servlet.mvc.method.annotation.ServletInvocableHandlerMethod.invokeAndHandle(ServletInvocableHandlerMethod.java:118)
	at org.springframework.web.servlet.mvc.method.annotation.RequestMappingHandlerAdapter.invokeHandlerMethod(RequestMappingHandlerAdapter.java:991)
	at org.springframework.web.servlet.mvc.method.annotation.RequestMappingHandlerAdapter.handleInternal(RequestMappingHandlerAdapter.java:896)
	at org.springframework.web.servlet.mvc.method.AbstractHandlerMethodAdapter.handle(AbstractHandlerMethodAdapter.java:87)
	at org.springframework.web.servlet.DispatcherServlet.doDispatch(DispatcherServlet.java:1089)
	at org.springframework.web.servlet.DispatcherServlet.doService(DispatcherServlet.java:979)
	at org.springframework.web.servlet.FrameworkServlet.processRequest(FrameworkServlet.java:1014)
	at org.springframework.web.servlet.FrameworkServlet.doGet(FrameworkServlet.java:903)
	at jakarta.servlet.http.HttpServlet.service(HttpServlet.java:564)
	at org.springframework.web.servlet.FrameworkServlet.service(FrameworkServlet.java:885)
	at jakarta.servlet.http.HttpServlet.service(HttpServlet.java:658)
	at org.apache.catalina.core.ApplicationFilterChain.internalDoFilter(ApplicationFilterChain.java:195)
	at org.apache.catalina.core.ApplicationFilterChain.doFilter(ApplicationFilterChain.java:140)
	at org.apache.tomcat.websocket.server.WsFilter.doFilter(WsFilter.java:51)
	at org.apache.catalina.core.ApplicationFilterChain.internalDoFilter(ApplicationFilterChain.java:164)
	at org.apache.catalina.core.ApplicationFilterChain.doFilter(ApplicationFilterChain.java:140)
	at org.springframework.web.filter.RequestContextFilter.doFilterInternal(RequestContextFilter.java:100)
	at org.springframework.web.filter.OncePerRequestFilter.doFilter(OncePerRequestFilter.java:116)
	at org.apache.catalina.core.ApplicationFilterChain.internalDoFilter(ApplicationFilterChain.java:164)
	at org.apache.catalina.core.ApplicationFilterChain.doFilter(ApplicationFilterChain.java:140)
	at org.springframework.web.filter.FormContentFilter.doFilterInternal(FormContentFilter.java:93)
	at org.springframework.web.filter.OncePerRequestFilter.doFilter(OncePerRequestFilter.java:116)
	at org.apache.catalina.core.ApplicationFilterChain.internalDoFilter(ApplicationFilterChain.java:164)
	at org.apache.catalina.core.ApplicationFilterChain.doFilter(ApplicationFilterChain.java:140)
	at org.springframework.web.filter.CharacterEncodingFilter.doFilterInternal(CharacterEncodingFilter.java:201)
	at org.springframework.web.filter.OncePerRequestFilter.doFilter(OncePerRequestFilter.java:116)
	at org.apache.catalina.core.ApplicationFilterChain.internalDoFilter(ApplicationFilterChain.java:164)
	at org.apache.catalina.core.ApplicationFilterChain.doFilter(ApplicationFilterChain.java:140)
	at org.apache.catalina.core.StandardWrapperValve.invoke(StandardWrapperValve.java:167)
	at org.apache.catalina.core.StandardContextValve.invoke(StandardContextValve.java:90)
	at org.apache.catalina.authenticator.AuthenticatorBase.invoke(AuthenticatorBase.java:483)
	at org.apache.catalina.core.StandardHostValve.invoke(StandardHostValve.java:116)
	at org.apache.catalina.valves.ErrorReportValve.invoke(ErrorReportValve.java:93)
	at org.apache.catalina.core.StandardEngineValve.invoke(StandardEngineValve.java:74)
	at org.apache.catalina.connector.CoyoteAdapter.service(CoyoteAdapter.java:344)
	at org.apache.coyote.http11.Http11Processor.service(Http11Processor.java:398)
	at org.apache.coyote.AbstractProcessorLight.process(AbstractProcessorLight.java:63)
	at org.apache.coyote.AbstractProtocol$ConnectionHandler.process(AbstractProtocol.java:903)
	at org.apache.tomcat.util.net.NioEndpoint$SocketProcessor.doRun(NioEndpoint.java:1769)
	at org.apache.tomcat.util.net.SocketProcessorBase.run(SocketProcessorBase.java:52)
	at org.apache.tomcat.util.threads.ThreadPoolExecutor.runWorker(ThreadPoolExecutor.java:1189)
	at org.apache.tomcat.util.threads.ThreadPoolExecutor$Worker.run(ThreadPoolExecutor.java:658)
	at org.apache.tomcat.util.threads.TaskThread$WrappingRunnable.run(TaskThread.java:63)
	at java.base/java.lang.Thread.run(Thread.java:1583)
2025-08-20 17:31:09,018 WARN o.s.w.s.h.AbstractHandlerExceptionResolver [http-nio-8082-exec-1] Resolved [org.springframework.web.server.ResponseStatusException: 404 NOT_FOUND "User not found"]
